<?xml version="1.0" encoding="UTF-8"?>
<coverage generated="1788670131344" clover="3.2.0">
  <project timestamp="1788670131344" name="All files">
    <metrics statements="32" coveredstatements="31" conditionals="2" coveredconditionals="1" methods="6" coveredmethods="6" elements="40" coveredelements="38" complexity="0" loc="32" ncloc="32" packages="2" files="3" classes="3"/>
    <package name="simple-apps">
      <metrics statements="23" coveredstatements="22" conditionals="2" coveredconditionals="1" methods="5" coveredmethods="5"/>
      <file name="app.js" path="/home/zulfi/TrainingIDN/Devops/Day-1/simple-apps/app.js">
        <metrics statements="23" coveredstatements="22" conditionals="2" coveredconditionals="1" methods="5" coveredmethods="5"/>
        <line num="1" count="1" type="stmt"/>
        <line num="2" count="1" type="stmt"/>
        <line num="3" count="1" type="stmt"/>
        <line num="4" count="1" type="stmt"/>
        <line num="5" count="1" type="stmt"/>
        <line num="7" count="1" type="stmt"/>
        <line num="10" count="1" type="stmt"/>
        <line num="11" count="1" type="stmt"/>
        <line num="12" count="1" type="stmt"/>
        <line num="15" count="1" type="stmt"/>
        <line num="17" count="1" type="stmt"/>
        <line num="18" count="1" type="stmt"/>
        <line num="21" count="1" type="stmt"/>
        <line num="22" count="1" type="stmt"/>
        <line num="25" count="1" type="stmt"/>
        <line num="26" count="1" type="stmt"/>
        <line num="27" count="1" type="stmt"/>
        <line num="28" count="1" type="cond" truecount="1" falsecount="1"/>
        <line num="29" count="1" type="stmt"/>
        <line num="31" count="0" type="stmt"/>
        <line num="36" count="1" type="stmt"/>
        <line num="37" count="1" type="stmt"/>
        <line num="40" count="1" type="stmt"/>
      </file>
    </package>
    <package name="simple-apps.middleware">
      <metrics statements="9" coveredstatements="9" conditionals="0" coveredconditionals="0" methods="1" coveredmethods="1"/>
      <file name="db_connect.js" path="/home/zulfi/TrainingIDN/Devops/Day-1/simple-apps/middleware/db_connect.js">
        <metrics statements="4" coveredstatements="4" conditionals="0" coveredconditionals="0" methods="0" coveredmethods="0"/>
        <line num="1" count="1" type="stmt"/>
        <line num="2" count="1" type="stmt"/>
        <line num="5" count="1" type="stmt"/>
        <line num="12" count="1" type="stmt"/>
      </file>
      <file name="logger.js" path="/home/zulfi/TrainingIDN/Devops/Day-1/simple-apps/middleware/logger.js">
        <metrics statements="5" coveredstatements="5" conditionals="0" coveredconditionals="0" methods="1" coveredmethods="1"/>
        <line num="1" count="1" type="stmt"/>
        <line num="4" count="1" type="stmt"/>
        <line num="5" count="4" type="stmt"/>
        <line num="6" count="4" type="stmt"/>
        <line num="9" count="1" type="stmt"/>
      </file>
    </package>
  </project>
</coverage>
