{"/home/zulfi/TrainingIDN/Devops/Day-1/simple-apps/app.js": {"path":"/home/zulfi/TrainingIDN/Devops/Day-1/simple-apps/app.js","statementMap":{"0":{"start":{"line":1,"column":16},"end":{"line":1,"column":34}},"1":{"start":{"line":2,"column":14},"end":{"line":2,"column":30}},"2":{"start":{"line":3,"column":12},"end":{"line":3,"column":21}},"3":{"start":{"line":4,"column":13},"end":{"line":4,"column":28}},"4":{"start":{"line":5,"column":0},"end":{"line":5,"column":27}},"5":{"start":{"line":7,"column":0},"end":{"line":7,"column":28}},"6":{"start":{"line":10,"column":15},"end":{"line":10,"column":45}},"7":{"start":{"line":11,"column":0},"end":{"line":11,"column":15}},"8":{"start":{"line":12,"column":19},"end":{"line":12,"column":53}},"9":{"start":{"line":15,"column":0},"end":{"line":15,"column":61}},"10":{"start":{"line":17,"column":0},"end":{"line":19,"column":3}},"11":{"start":{"line":18,"column":2},"end":{"line":18,"column":32}},"12":{"start":{"line":21,"column":0},"end":{"line":23,"column":3}},"13":{"start":{"line":22,"column":2},"end":{"line":22,"column":31}},"14":{"start":{"line":25,"column":0},"end":{"line":34,"column":3}},"15":{"start":{"line":26,"column":14},"end":{"line":26,"column":54}},"16":{"start":{"line":27,"column":2},"end":{"line":33,"column":4}},"17":{"start":{"line":28,"column":4},"end":{"line":32,"column":5}},"18":{"start":{"line":29,"column":6},"end":{"line":29,"column":33}},"19":{"start":{"line":31,"column":6},"end":{"line":31,"column":22}},"20":{"start":{"line":36,"column":0},"end":{"line":38,"column":2}},"21":{"start":{"line":37,"column":2},"end":{"line":37,"column":70}},"22":{"start":{"line":40,"column":0},"end":{"line":40,"column":20}}},"fnMap":{"0":{"name":"(anonymous_0)","decl":{"start":{"line":17,"column":17},"end":{"line":17,"column":18}},"loc":{"start":{"line":17,"column":31},"end":{"line":19,"column":1}},"line":17},"1":{"name":"(anonymous_1)","decl":{"start":{"line":21,"column":17},"end":{"line":21,"column":18}},"loc":{"start":{"line":21,"column":31},"end":{"line":23,"column":1}},"line":21},"2":{"name":"(anonymous_2)","decl":{"start":{"line":25,"column":18},"end":{"line":25,"column":19}},"loc":{"start":{"line":25,"column":38},"end":{"line":34,"column":1}},"line":25},"3":{"name":"(anonymous_3)","decl":{"start":{"line":27,"column":23},"end":{"line":27,"column":24}},"loc":{"start":{"line":27,"column":42},"end":{"line":33,"column":3}},"line":27},"4":{"name":"(anonymous_4)","decl":{"start":{"line":36,"column":33},"end":{"line":36,"column":34}},"loc":{"start":{"line":36,"column":39},"end":{"line":38,"column":1}},"line":36}},"branchMap":{"0":{"loc":{"start":{"line":28,"column":4},"end":{"line":32,"column":5}},"type":"if","locations":[{"start":{"line":28,"column":4},"end":{"line":32,"column":5}},{"start":{"line":30,"column":11},"end":{"line":32,"column":5}}],"line":28}},"s":{"0":1,"1":1,"2":1,"3":1,"4":1,"5":1,"6":1,"7":1,"8":1,"9":1,"10":1,"11":1,"12":1,"13":1,"14":1,"15":1,"16":1,"17":1,"18":1,"19":0,"20":1,"21":1,"22":1},"f":{"0":1,"1":1,"2":1,"3":1,"4":1},"b":{"0":[1,0]},"_coverageSchema":"1a1c01bbd47fc00a2c39e90264f33305004495a9","hash":"6f86425e81d30b9530711a70613bff94f075351e"}
,"/home/zulfi/TrainingIDN/Devops/Day-1/simple-apps/middleware/db_connect.js": {"path":"/home/zulfi/TrainingIDN/Devops/Day-1/simple-apps/middleware/db_connect.js","statementMap":{"0":{"start":{"line":1,"column":14},"end":{"line":1,"column":30}},"1":{"start":{"line":2,"column":0},"end":{"line":2,"column":27}},"2":{"start":{"line":5,"column":19},"end":{"line":10,"column":2}},"3":{"start":{"line":12,"column":0},"end":{"line":12,"column":27}}},"fnMap":{},"branchMap":{},"s":{"0":1,"1":1,"2":1,"3":1},"f":{},"b":{},"_coverageSchema":"1a1c01bbd47fc00a2c39e90264f33305004495a9","hash":"3652486173a2ce36c6a65fd2bf526d54005f0ed6"}
,"/home/zulfi/TrainingIDN/Devops/Day-1/simple-apps/middleware/logger.js": {"path":"/home/zulfi/TrainingIDN/Devops/Day-1/simple-apps/middleware/logger.js","statementMap":{"0":{"start":{"line":1,"column":15},"end":{"line":1,"column":32}},"1":{"start":{"line":4,"column":15},"end":{"line":7,"column":1}},"2":{"start":{"line":5,"column":4},"end":{"line":5,"column":96}},"3":{"start":{"line":6,"column":4},"end":{"line":6,"column":11}},"4":{"start":{"line":9,"column":0},"end":{"line":9,"column":23}}},"fnMap":{"0":{"name":"(anonymous_0)","decl":{"start":{"line":4,"column":15},"end":{"line":4,"column":16}},"loc":{"start":{"line":4,"column":35},"end":{"line":7,"column":1}},"line":4}},"branchMap":{},"s":{"0":1,"1":1,"2":4,"3":4,"4":1},"f":{"0":4},"b":{},"_coverageSchema":"1a1c01bbd47fc00a2c39e90264f33305004495a9","hash":"dd9c36f9acd22d7cf45ca25f8865f37f625931f1"}
}
